<?xml version="1.0" encoding="UTF-8"?>
<!-- Generated by org.testng.reporters.JUnitReportReporter -->
<testsuite hostname="DESKTOP-7SIFO9D" failures="0" tests="1" name="restAPI.PutRequest" time="3.062" errors="0" timestamp="04 Dec 2022 04:46:27 GMT" skipped="0">
  <testcase classname="restAPI.PutRequest" name="test1" time="3.062"/>
</testsuite> <!-- restAPI.PutRequest -->
