<?xml version="1.0" encoding="UTF-8"?>
<!-- Generated by org.testng.reporters.JUnitReportReporter -->
<testsuite hostname="DESKTOP-7SIFO9D" failures="0" tests="1" name="restAPIBDD.GetRequest" time="3.613" errors="0" timestamp="04 Dec 2022 06:54:29 GMT" skipped="0">
  <testcase classname="restAPIBDD.GetRequest" name="test3" time="3.613"/>
</testsuite> <!-- restAPIBDD.GetRequest -->
