<?xml version="1.0" encoding="UTF-8"?>
<!-- Generated by org.testng.reporters.JUnitReportReporter -->
<testsuite hostname="DESKTOP-7SIFO9D" failures="0" tests="1" name="restAPI.PostReqWithExternalFile" time="2.814" errors="0" timestamp="04 Dec 2022 04:09:44 GMT" skipped="0">
  <testcase classname="restAPI.PostReqWithExternalFile" name="test1" time="2.814"/>
</testsuite> <!-- restAPI.PostReqWithExternalFile -->
