<?xml version="1.0" encoding="UTF-8"?>
<!-- Generated by org.testng.reporters.JUnitReportReporter -->
<testsuite hostname="DESKTOP-7SIFO9D" failures="0" tests="1" name="restAPI.GEtRequestwithParameters" time="3.440" errors="0" timestamp="03 Dec 2022 06:25:02 GMT" skipped="0">
  <testcase classname="restAPI.GEtRequestwithParameters" name="test1" time="3.440"/>
</testsuite> <!-- restAPI.GEtRequestwithParameters -->
