<?xml version="1.0" encoding="UTF-8"?>
<!-- Generated by org.testng.reporters.JUnitReportReporter -->
<testsuite hostname="DESKTOP-7SIFO9D" failures="0" tests="1" name="restAPI.PostRequest" time="2.473" errors="0" timestamp="03 Dec 2022 07:00:26 GMT" skipped="0">
  <testcase classname="restAPI.PostRequest" name="Test1" time="2.473"/>
</testsuite> <!-- restAPI.PostRequest -->
