<?xml version="1.0" encoding="UTF-8"?>
<!-- Generated by org.testng.reporters.JUnitReportReporter -->
<testsuite hostname="DESKTOP-7SIFO9D" failures="0" tests="1" name="restAPIXML.XMLExample" time="4.401" errors="0" timestamp="04 Dec 2022 05:18:28 GMT" skipped="0">
  <testcase classname="restAPIXML.XMLExample" name="Test" time="4.401"/>
</testsuite> <!-- restAPIXML.XMLExample -->
