<?xml version="1.0" encoding="UTF-8"?>
<!-- Generated by org.testng.reporters.JUnitReportReporter -->
<testsuite hostname="DESKTOP-7SIFO9D" failures="0" tests="1" name="restAPI.DeleteRequest" time="2.241" errors="0" timestamp="04 Dec 2022 04:45:29 GMT" skipped="0">
  <testcase classname="restAPI.DeleteRequest" name="test1" time="2.241"/>
</testsuite> <!-- restAPI.DeleteRequest -->
