<?xml version="1.0" encoding="UTF-8"?>
<!-- Generated by org.testng.reporters.JUnitReportReporter -->
<testsuite hostname="DESKTOP-7SIFO9D" failures="0" tests="1" name="restAPI.PostRequestWithMap" time="3.146" errors="0" timestamp="03 Dec 2022 07:16:24 GMT" skipped="0">
  <testcase classname="restAPI.PostRequestWithMap" name="test1" time="3.146"/>
</testsuite> <!-- restAPI.PostRequestWithMap -->
